Using pre-set license

 COMMAND LINE ARGUMENTS:
/Users/codeninjas/Documents/2020.3.3f1/Unity.app/Contents/MacOS/Unity
-adb2
-batchMode
-noUpm
-name
AssetImportWorker0
-projectPath
/Users/codeninjas/Desktop/anabel-db3/anabel-db3
-logFile
Logs/AssetImportWorker0.log
-srvPort
58826
Successfully changed project path to: /Users/codeninjas/Desktop/anabel-db3/anabel-db3
/Users/codeninjas/Desktop/anabel-db3/anabel-db3
Using Asset Import Pipeline V2.
Refreshing native plugins compatible for Editor in 35.72 ms, found 2 plugins.
Preloading 0 native plugins for Editor in 0.00 ms.
Initialize engine version: 2020.3.3f1 (76626098c1c4)
[Subsystems] Discovering subsystems at path /Users/codeninjas/Documents/2020.3.3f1/Unity.app/Contents/Resources/UnitySubsystems
[Subsystems] Discovering subsystems at path /Users/codeninjas/Desktop/anabel-db3/anabel-db3/Assets
GfxDevice: creating device client; threaded=0
2021-09-11 11:19:02.664 Unity[52784:3481437] Color LCD preferred device: Intel(R) Iris(TM) Plus Graphics 640 (low power)
2021-09-11 11:19:02.664 Unity[52784:3481437] Metal devices available: 1
2021-09-11 11:19:02.664 Unity[52784:3481437] 0: Intel(R) Iris(TM) Plus Graphics 640 (low power)
2021-09-11 11:19:02.665 Unity[52784:3481437] Using device Intel(R) Iris(TM) Plus Graphics 640 (low power)
Initializing Metal device caps: Intel(R) Iris(TM) Plus Graphics 640
Initialize mono
Mono path[0] = '/Users/codeninjas/Documents/2020.3.3f1/Unity.app/Contents/Managed'
Mono path[1] = '/Users/codeninjas/Documents/2020.3.3f1/Unity.app/Contents/MonoBleedingEdge/lib/mono/unityjit'
Mono config path = '/Users/codeninjas/Documents/2020.3.3f1/Unity.app/Contents/MonoBleedingEdge/etc'
Using monoOptions --debugger-agent=transport=dt_socket,embedding=1,server=y,suspend=n,address=127.0.0.1:56784
Begin MonoManager ReloadAssembly
Registering precompiled unity dll's ...
Register platform support module: /Users/codeninjas/Documents/2020.3.3f1/Unity.app/Contents/PlaybackEngines/MacStandaloneSupport/UnityEditor.OSXStandalone.Extensions.dll
Registered in 0.002397 seconds.
Native extension for OSXStandalone target not found
Refreshing native plugins compatible for Editor in 29.04 ms, found 2 plugins.
Preloading 0 native plugins for Editor in 0.00 ms.
Invoked RoslynAnalysisRunner static constructor.
RoslynAnalysisRunner will not be running.
RoslynAnalysisRunner has terminated.
Mono: successfully reloaded assembly
- Completed reload, in  1.587 seconds
Platform modules already initialized, skipping
Registering precompiled user dll's ...
Registered in 0.008101 seconds.
Begin MonoManager ReloadAssembly
Native extension for OSXStandalone target not found
Refreshing native plugins compatible for Editor in 0.34 ms, found 2 plugins.
Preloading 0 native plugins for Editor in 0.00 ms.
Invoked RoslynAnalysisRunner static constructor.
RoslynAnalysisRunner will not be running.
RoslynAnalysisRunner has terminated.
Mono: successfully reloaded assembly
- Completed reload, in  1.233 seconds
Platform modules already initialized, skipping
========================================================================
Worker process is ready to serve import requests
Launching external process: /Users/codeninjas/Documents/2020.3.3f1/Unity.app/Contents/Tools/UnityShaderCompiler
Launched and connected shader compiler UnityShaderCompiler after 0.02 seconds
Refreshing native plugins compatible for Editor in 0.37 ms, found 2 plugins.
Preloading 0 native plugins for Editor in 0.00 ms.
Unloading 1410 Unused Serialized files (Serialized files now loaded: 0)
System memory in use before: 134.1 MB.
System memory in use after: 134.1 MB.

Unloading 18 unused Assets to reduce memory usage. Loaded Objects now: 1844.
Total: 4.803585 ms (FindLiveObjects: 0.330797 ms CreateObjectMapping: 0.091685 ms MarkObjects: 4.285621 ms  DeleteObjects: 0.092739 ms)

========================================================================
Received Import Request.
  path: Assets/Scenes
  artifactKey: Guid(c3f675c00a87e468ba23e6c9c2ff51fd) Importer(815301076,1909f56bfc062723c751e8b465ee728b)
Start importing Assets/Scenes using Guid(c3f675c00a87e468ba23e6c9c2ff51fd) Importer(815301076,1909f56bfc062723c751e8b465ee728b)  -> (artifact id: 'a4b6c36d06523411cb4e644d1e264f9c') in 0.005426 seconds
  Import took 0.008713 seconds .

========================================================================
Received Import Request.
  Time since last request: 0.000344 seconds.
  path: Assets/Scenes/DroppingBombs.unity
  artifactKey: Guid(85687c07a84d7014b9999283399f28d3) Importer(815301076,1909f56bfc062723c751e8b465ee728b)
Start importing Assets/Scenes/DroppingBombs.unity using Guid(85687c07a84d7014b9999283399f28d3) Importer(815301076,1909f56bfc062723c751e8b465ee728b)  -> (artifact id: '97df569d887a7dfb397c4b0c334c9ecc') in 0.010933 seconds
  Import took 0.013281 seconds .

========================================================================
Received Prepare
Registering precompiled user dll's ...
Registered in 0.001408 seconds.
Begin MonoManager ReloadAssembly
Native extension for OSXStandalone target not found
Refreshing native plugins compatible for Editor in 0.48 ms, found 2 plugins.
Preloading 0 native plugins for Editor in 0.00 ms.
Invoked RoslynAnalysisRunner static constructor.
RoslynAnalysisRunner will not be running.
RoslynAnalysisRunner has terminated.
Mono: successfully reloaded assembly
- Completed reload, in  2.102 seconds
Platform modules already initialized, skipping
Refreshing native plugins compatible for Editor in 0.38 ms, found 2 plugins.
Preloading 0 native plugins for Editor in 0.00 ms.
Unloading 1404 Unused Serialized files (Serialized files now loaded: 0)
System memory in use before: 134.0 MB.
System memory in use after: 134.1 MB.

Unloading 13 unused Assets to reduce memory usage. Loaded Objects now: 1847.
Total: 4.990810 ms (FindLiveObjects: 0.802728 ms CreateObjectMapping: 0.116911 ms MarkObjects: 4.024031 ms  DeleteObjects: 0.040861 ms)

========================================================================
Received Import Request.
  Time since last request: 359.837430 seconds.
  path: Assets/Models/Rocket06.fbx
  artifactKey: Guid(0094b425812d49548913a84e817fac7e) Importer(815301076,1909f56bfc062723c751e8b465ee728b)
Start importing Assets/Models/Rocket06.fbx using Guid(0094b425812d49548913a84e817fac7e) Importer(815301076,1909f56bfc062723c751e8b465ee728b)  -> (artifact id: '88ead96244d2862724cdcd7ecdbbe4f8') in 0.511839 seconds
  Import took 0.514936 seconds .

========================================================================
Received Import Request.
  Time since last request: 7.864315 seconds.
  path: Assets/Scripts/Score.cs
  artifactKey: Guid(0aa161b3820894ac19169fecf38418dd) Importer(815301076,1909f56bfc062723c751e8b465ee728b)
Start importing Assets/Scripts/Score.cs using Guid(0aa161b3820894ac19169fecf38418dd) Importer(815301076,1909f56bfc062723c751e8b465ee728b)  -> (artifact id: '39a996adb7b258e61deee3cdc59b9858') in 0.155827 seconds
  Import took 0.158409 seconds .

========================================================================
Received Import Request.
  Time since last request: 7.331381 seconds.
  path: Assets/Scripts/GameManager.cs
  artifactKey: Guid(e6ac08d5d52134001b309cb2fb985a22) Importer(815301076,1909f56bfc062723c751e8b465ee728b)
Start importing Assets/Scripts/GameManager.cs using Guid(e6ac08d5d52134001b309cb2fb985a22) Importer(815301076,1909f56bfc062723c751e8b465ee728b)  -> (artifact id: 'd0ed3395ce7c6a3292913e0aa21cda30') in 0.001807 seconds
  Import took 0.004476 seconds .

========================================================================
Received Import Request.
  Time since last request: 0.043123 seconds.
  path: Assets/Scripts/GameManager.cs
  artifactKey: Guid(e6ac08d5d52134001b309cb2fb985a22) Importer(815301076,1909f56bfc062723c751e8b465ee728b)
Start importing Assets/Scripts/GameManager.cs using Guid(e6ac08d5d52134001b309cb2fb985a22) Importer(815301076,1909f56bfc062723c751e8b465ee728b)  -> (artifact id: 'd0ed3395ce7c6a3292913e0aa21cda30') in 0.005838 seconds
  Import took 0.013722 seconds .

========================================================================
Received Prepare
Registering precompiled user dll's ...
Registered in 0.003447 seconds.
Begin MonoManager ReloadAssembly
Native extension for OSXStandalone target not found
Refreshing native plugins compatible for Editor in 0.33 ms, found 2 plugins.
Preloading 0 native plugins for Editor in 0.00 ms.
Invoked RoslynAnalysisRunner static constructor.
RoslynAnalysisRunner will not be running.
RoslynAnalysisRunner has terminated.
Mono: successfully reloaded assembly
- Completed reload, in  1.199 seconds
Platform modules already initialized, skipping
Refreshing native plugins compatible for Editor in 0.30 ms, found 2 plugins.
Preloading 0 native plugins for Editor in 0.00 ms.
Unloading 1404 Unused Serialized files (Serialized files now loaded: 0)
System memory in use before: 144.2 MB.
System memory in use after: 144.2 MB.

Unloading 13 unused Assets to reduce memory usage. Loaded Objects now: 1893.
Total: 1.952168 ms (FindLiveObjects: 0.183917 ms CreateObjectMapping: 0.047715 ms MarkObjects: 1.700598 ms  DeleteObjects: 0.018640 ms)

========================================================================
Received Import Request.
  Time since last request: 109.945342 seconds.
  path: Assets/Scripts/GameManager.cs
  artifactKey: Guid(e6ac08d5d52134001b309cb2fb985a22) Importer(815301076,1909f56bfc062723c751e8b465ee728b)
Start importing Assets/Scripts/GameManager.cs using Guid(e6ac08d5d52134001b309cb2fb985a22) Importer(815301076,1909f56bfc062723c751e8b465ee728b)  -> (artifact id: 'f46d83401b08ab1d49a87d370f1f0f87') in 0.004327 seconds
  Import took 0.006579 seconds .

========================================================================
Received Import Request.
  Time since last request: 2.026603 seconds.
  path: Assets/Scripts/GameManager.cs
  artifactKey: Guid(e6ac08d5d52134001b309cb2fb985a22) Importer(815301076,1909f56bfc062723c751e8b465ee728b)
Start importing Assets/Scripts/GameManager.cs using Guid(e6ac08d5d52134001b309cb2fb985a22) Importer(815301076,1909f56bfc062723c751e8b465ee728b)  -> (artifact id: 'f46d83401b08ab1d49a87d370f1f0f87') in 0.002864 seconds
  Import took 0.005444 seconds .

========================================================================
Received Prepare
Registering precompiled user dll's ...
Registered in 0.001324 seconds.
Begin MonoManager ReloadAssembly
Native extension for OSXStandalone target not found
Refreshing native plugins compatible for Editor in 0.37 ms, found 2 plugins.
Preloading 0 native plugins for Editor in 0.00 ms.
Invoked RoslynAnalysisRunner static constructor.
RoslynAnalysisRunner will not be running.
RoslynAnalysisRunner has terminated.
Mono: successfully reloaded assembly
- Completed reload, in  1.128 seconds
Platform modules already initialized, skipping
Refreshing native plugins compatible for Editor in 0.33 ms, found 2 plugins.
Preloading 0 native plugins for Editor in 0.00 ms.
Unloading 1404 Unused Serialized files (Serialized files now loaded: 0)
System memory in use before: 144.4 MB.
System memory in use after: 144.5 MB.

Unloading 13 unused Assets to reduce memory usage. Loaded Objects now: 1896.
Total: 2.077575 ms (FindLiveObjects: 0.196710 ms CreateObjectMapping: 0.057326 ms MarkObjects: 1.802070 ms  DeleteObjects: 0.020028 ms)

========================================================================
Received Prepare
Registering precompiled user dll's ...
Registered in 0.002875 seconds.
Begin MonoManager ReloadAssembly
Native extension for OSXStandalone target not found
Refreshing native plugins compatible for Editor in 0.39 ms, found 2 plugins.
Preloading 0 native plugins for Editor in 0.00 ms.
Invoked RoslynAnalysisRunner static constructor.
RoslynAnalysisRunner will not be running.
RoslynAnalysisRunner has terminated.
Mono: successfully reloaded assembly
- Completed reload, in  1.339 seconds
Platform modules already initialized, skipping
Refreshing native plugins compatible for Editor in 0.36 ms, found 2 plugins.
Preloading 0 native plugins for Editor in 0.00 ms.
Unloading 1404 Unused Serialized files (Serialized files now loaded: 0)
System memory in use before: 144.5 MB.
System memory in use after: 144.6 MB.

Unloading 13 unused Assets to reduce memory usage. Loaded Objects now: 1899.
Total: 2.625457 ms (FindLiveObjects: 0.450620 ms CreateObjectMapping: 0.123961 ms MarkObjects: 2.025752 ms  DeleteObjects: 0.022949 ms)

========================================================================
Received Import Request.
  Time since last request: 124.958982 seconds.
  path: Assets/Scripts/GameManager.cs
  artifactKey: Guid(e6ac08d5d52134001b309cb2fb985a22) Importer(815301076,1909f56bfc062723c751e8b465ee728b)
Start importing Assets/Scripts/GameManager.cs using Guid(e6ac08d5d52134001b309cb2fb985a22) Importer(815301076,1909f56bfc062723c751e8b465ee728b)  -> (artifact id: 'bf29138926c9121c873c6fe7495013a5') in 0.005551 seconds
  Import took 0.008494 seconds .

========================================================================
Received Prepare
Registering precompiled user dll's ...
Registered in 0.007117 seconds.
Begin MonoManager ReloadAssembly
Native extension for OSXStandalone target not found
Refreshing native plugins compatible for Editor in 0.32 ms, found 2 plugins.
Preloading 0 native plugins for Editor in 0.00 ms.
Invoked RoslynAnalysisRunner static constructor.
RoslynAnalysisRunner will not be running.
RoslynAnalysisRunner has terminated.
Mono: successfully reloaded assembly
- Completed reload, in  1.179 seconds
Platform modules already initialized, skipping
Refreshing native plugins compatible for Editor in 0.39 ms, found 2 plugins.
Preloading 0 native plugins for Editor in 0.00 ms.
Unloading 1404 Unused Serialized files (Serialized files now loaded: 0)
System memory in use before: 144.7 MB.
System memory in use after: 144.8 MB.

Unloading 13 unused Assets to reduce memory usage. Loaded Objects now: 1902.
Total: 2.789711 ms (FindLiveObjects: 0.313296 ms CreateObjectMapping: 0.188514 ms MarkObjects: 2.259670 ms  DeleteObjects: 0.025139 ms)

========================================================================
Received Import Request.
  Time since last request: 175.076805 seconds.
  path: Assets/Artwork/Materials/clouds.mat
  artifactKey: Guid(ad33f1856cbea3242a3fc350bfb82db8) Importer(815301076,1909f56bfc062723c751e8b465ee728b)
Start importing Assets/Artwork/Materials/clouds.mat using Guid(ad33f1856cbea3242a3fc350bfb82db8) Importer(815301076,1909f56bfc062723c751e8b465ee728b)  -> (artifact id: '28b5e36857480a7701effa45210725a4') in 0.359117 seconds
  Import took 0.362102 seconds .

========================================================================
Received Import Request.
  Time since last request: 0.001971 seconds.
  path: Assets/Scripts/Reset.cs
  artifactKey: Guid(9220624dcb0b78744869b9f56c91f25e) Importer(815301076,1909f56bfc062723c751e8b465ee728b)
Start importing Assets/Scripts/Reset.cs using Guid(9220624dcb0b78744869b9f56c91f25e) Importer(815301076,1909f56bfc062723c751e8b465ee728b)  -> (artifact id: '23fb733707e185db297295a180050fe0') in 0.001397 seconds
  Import took 0.004147 seconds .

========================================================================
Received Import Request.
  Time since last request: 0.004059 seconds.
  path: Assets/Animation/Rocket.controller
  artifactKey: Guid(2e1436a282619314c9a623d23d0d6c9d) Importer(815301076,1909f56bfc062723c751e8b465ee728b)
Start importing Assets/Animation/Rocket.controller using Guid(2e1436a282619314c9a623d23d0d6c9d) Importer(815301076,1909f56bfc062723c751e8b465ee728b)  -> (artifact id: '2d9264b62669f452e223b09950cc2678') in 0.187396 seconds
  Import took 0.190040 seconds .

========================================================================
Received Import Request.
  Time since last request: 0.001278 seconds.
  path: Assets/Artwork/DBTitle.png
  artifactKey: Guid(a934d4f82bd394c85a374292ff752337) Importer(815301076,1909f56bfc062723c751e8b465ee728b)
Start importing Assets/Artwork/DBTitle.png using Guid(a934d4f82bd394c85a374292ff752337) Importer(815301076,1909f56bfc062723c751e8b465ee728b)  -> (artifact id: '5bdc3be7924dac34e295c4fadce22058') in 0.334694 seconds
  Import took 0.337326 seconds .

========================================================================
Received Import Request.
  Time since last request: 0.001738 seconds.
  path: Assets/Scripts/Spawner.cs
  artifactKey: Guid(8bac41b8218f846b5afdb7b90072de19) Importer(815301076,1909f56bfc062723c751e8b465ee728b)
Start importing Assets/Scripts/Spawner.cs using Guid(8bac41b8218f846b5afdb7b90072de19) Importer(815301076,1909f56bfc062723c751e8b465ee728b)  -> (artifact id: '91cbf8765a003eba314ab57fc649b9eb') in 0.001147 seconds
  Import took 0.003221 seconds .

========================================================================
Received Import Request.
  Time since last request: 0.001169 seconds.
  path: Assets/Scenes/SampleScene.unity
  artifactKey: Guid(9fc0d4010bbf28b4594072e72b8655ab) Importer(815301076,1909f56bfc062723c751e8b465ee728b)
Start importing Assets/Scenes/SampleScene.unity using Guid(9fc0d4010bbf28b4594072e72b8655ab) Importer(815301076,1909f56bfc062723c751e8b465ee728b)  -> (artifact id: '4d146c4412f2010a40c26073b7d3af8c') in 0.001079 seconds
  Import took 0.003074 seconds .

========================================================================
Received Import Request.
  Time since last request: 0.001240 seconds.
  path: Assets/Animation/FlyLeft.anim
  artifactKey: Guid(3c00aec86ed059c43b44ee041d20eaa1) Importer(815301076,1909f56bfc062723c751e8b465ee728b)
Start importing Assets/Animation/FlyLeft.anim using Guid(3c00aec86ed059c43b44ee041d20eaa1) Importer(815301076,1909f56bfc062723c751e8b465ee728b)  -> (artifact id: 'c3dbe24b0224bebafa9f44fe3e75740e') in 0.204983 seconds
  Import took 0.207919 seconds .

========================================================================
Received Import Request.
  Time since last request: 0.002038 seconds.
  path: Assets/Resources/Icons/movement.png
  artifactKey: Guid(b83026fd4fb9e1246882eff0072a590c) Importer(815301076,1909f56bfc062723c751e8b465ee728b)
Start importing Assets/Resources/Icons/movement.png using Guid(b83026fd4fb9e1246882eff0072a590c) Importer(815301076,1909f56bfc062723c751e8b465ee728b)  -> (artifact id: '2f949a997487229a34f9e6ff1e0f4093') in 0.015194 seconds
  Import took 0.018953 seconds .

========================================================================
Received Import Request.
  Time since last request: 0.015382 seconds.
  path: Assets/Prefabs/Rocket.prefab
  artifactKey: Guid(82169fb5eac75114e9dae4d2dd916e6f) Importer(815301076,1909f56bfc062723c751e8b465ee728b)
Start importing Assets/Prefabs/Rocket.prefab using Guid(82169fb5eac75114e9dae4d2dd916e6f) Importer(815301076,1909f56bfc062723c751e8b465ee728b)  -> (artifact id: '2db88bb58b3248e8bfddce03604fc613') in 0.223495 seconds
  Import took 0.226430 seconds .

========================================================================
Received Import Request.
  Time since last request: 0.001618 seconds.
  path: Assets/Scripts
  artifactKey: Guid(77a7f2f787f7d40429372d1d8c726fb1) Importer(815301076,1909f56bfc062723c751e8b465ee728b)
Start importing Assets/Scripts using Guid(77a7f2f787f7d40429372d1d8c726fb1) Importer(815301076,1909f56bfc062723c751e8b465ee728b)  -> (artifact id: '48c28b75e9b188cfd69d946035a807e4') in 0.000816 seconds
  Import took 0.003115 seconds .

========================================================================
Received Import Request.
  Time since last request: 0.001362 seconds.
  path: Assets/Animation/Rocket.anim
  artifactKey: Guid(2f21ae2ba21e5a2469999343b4b02812) Importer(815301076,1909f56bfc062723c751e8b465ee728b)
Start importing Assets/Animation/Rocket.anim using Guid(2f21ae2ba21e5a2469999343b4b02812) Importer(815301076,1909f56bfc062723c751e8b465ee728b)  -> (artifact id: 'a163e5c815af1de09ff7f7e78799bdf8') in 0.001772 seconds
  Import took 0.003926 seconds .

========================================================================
Received Import Request.
  Time since last request: 0.000928 seconds.
  path: Assets/Artwork
  artifactKey: Guid(d2a2b65f2b3ebfd43b19cf3e06bf1f43) Importer(815301076,1909f56bfc062723c751e8b465ee728b)
Start importing Assets/Artwork using Guid(d2a2b65f2b3ebfd43b19cf3e06bf1f43) Importer(815301076,1909f56bfc062723c751e8b465ee728b)  -> (artifact id: 'b58b2de5ea2f2dadc8eba8fde538a88a') in 0.000706 seconds
  Import took 0.002702 seconds .

========================================================================
Received Import Request.
  Time since last request: 0.001114 seconds.
  path: Assets/Artwork/SkyGradient.png
  artifactKey: Guid(0d46da7c624049c4891430a5ecc4f068) Importer(815301076,1909f56bfc062723c751e8b465ee728b)
Start importing Assets/Artwork/SkyGradient.png using Guid(0d46da7c624049c4891430a5ecc4f068) Importer(815301076,1909f56bfc062723c751e8b465ee728b)  -> (artifact id: 'f2b32696fcbf1d1e6a3d7b9ddf34c9c6') in 0.006474 seconds
  Import took 0.008888 seconds .

========================================================================
Received Import Request.
  Time since last request: 0.001785 seconds.
  path: Assets/Artwork/clouds.png
  artifactKey: Guid(8f77cd2b605a27d4faac1dc631eca155) Importer(815301076,1909f56bfc062723c751e8b465ee728b)
Start importing Assets/Artwork/clouds.png using Guid(8f77cd2b605a27d4faac1dc631eca155) Importer(815301076,1909f56bfc062723c751e8b465ee728b)  -> (artifact id: '25739cbff054f5594d20a12129de666a') in 0.008170 seconds
  Import took 0.011889 seconds .

========================================================================
Received Import Request.
  Time since last request: 0.001927 seconds.
  path: Assets/Resources/Icons/teleport.png
  artifactKey: Guid(16c31b1270e811f44b87f181efc9edcb) Importer(815301076,1909f56bfc062723c751e8b465ee728b)
Start importing Assets/Resources/Icons/teleport.png using Guid(16c31b1270e811f44b87f181efc9edcb) Importer(815301076,1909f56bfc062723c751e8b465ee728b)  -> (artifact id: '5d2a765de163ed4d2012fb0aefde0881') in 0.007396 seconds
  Import took 0.011303 seconds .

========================================================================
Received Import Request.
  Time since last request: 0.002302 seconds.
  path: Assets/Artwork/Materials
  artifactKey: Guid(ccf8d46baf2bb374ba4e6fe691b9a22c) Importer(815301076,1909f56bfc062723c751e8b465ee728b)
Start importing Assets/Artwork/Materials using Guid(ccf8d46baf2bb374ba4e6fe691b9a22c) Importer(815301076,1909f56bfc062723c751e8b465ee728b)  -> (artifact id: 'd80a00358a9f6783c89e45bb05df497b') in 0.000663 seconds
  Import took 0.002897 seconds .

========================================================================
Received Import Request.
  Time since last request: 0.001605 seconds.
  path: Assets/Scripts/Teleport.cs
  artifactKey: Guid(d63b882c141630c4faa97e7e3e3d9020) Importer(815301076,1909f56bfc062723c751e8b465ee728b)
Start importing Assets/Scripts/Teleport.cs using Guid(d63b882c141630c4faa97e7e3e3d9020) Importer(815301076,1909f56bfc062723c751e8b465ee728b)  -> (artifact id: '7a48c9432c2b1ad4a9b300b02b00bf35') in 0.000967 seconds
  Import took 0.002958 seconds .

========================================================================
Received Import Request.
  Time since last request: 0.001299 seconds.
  path: Assets/Scripts/Movement.cs
  artifactKey: Guid(c22efc2fca1c7ad4f89183c00c88dec1) Importer(815301076,1909f56bfc062723c751e8b465ee728b)
Start importing Assets/Scripts/Movement.cs using Guid(c22efc2fca1c7ad4f89183c00c88dec1) Importer(815301076,1909f56bfc062723c751e8b465ee728b)  -> (artifact id: '7547e48da2623b543dfac19a42216aeb') in 0.000743 seconds
  Import took 0.002920 seconds .

========================================================================
Received Import Request.
  Time since last request: 0.001474 seconds.
  path: Assets/Resources/Icons/boundaries.png
  artifactKey: Guid(a071d3b53493f594a9b5e18ad60f2029) Importer(815301076,1909f56bfc062723c751e8b465ee728b)
Start importing Assets/Resources/Icons/boundaries.png using Guid(a071d3b53493f594a9b5e18ad60f2029) Importer(815301076,1909f56bfc062723c751e8b465ee728b)  -> (artifact id: 'cf38e976932da91ebaddde530c39bf62') in 0.004600 seconds
  Import took 0.006780 seconds .

========================================================================
Received Import Request.
  Time since last request: 0.001274 seconds.
  path: Assets/Models
  artifactKey: Guid(b1a9df35fefc2224e8195254f7d4a83a) Importer(815301076,1909f56bfc062723c751e8b465ee728b)
Start importing Assets/Models using Guid(b1a9df35fefc2224e8195254f7d4a83a) Importer(815301076,1909f56bfc062723c751e8b465ee728b)  -> (artifact id: '0bc7340be59c51881eb9a17528df2873') in 0.000671 seconds
  Import took 0.002713 seconds .

========================================================================
Received Import Request.
  Time since last request: 0.001245 seconds.
  path: Assets/Prefabs/Bomb.prefab
  artifactKey: Guid(88e91f45e4952834ba82932579e2711e) Importer(815301076,1909f56bfc062723c751e8b465ee728b)
Start importing Assets/Prefabs/Bomb.prefab using Guid(88e91f45e4952834ba82932579e2711e) Importer(815301076,1909f56bfc062723c751e8b465ee728b)  -> (artifact id: 'da90e03ccfe8fc465a3d441e340787dc') in 0.012252 seconds
  Import took 0.014717 seconds .

========================================================================
Received Import Request.
  Time since last request: 0.002547 seconds.
  path: Assets/Resources/Icons/reset.png
  artifactKey: Guid(7aa3faa8702ed2d45b4bae5c39511876) Importer(815301076,1909f56bfc062723c751e8b465ee728b)
Start importing Assets/Resources/Icons/reset.png using Guid(7aa3faa8702ed2d45b4bae5c39511876) Importer(815301076,1909f56bfc062723c751e8b465ee728b)  -> (artifact id: '984326ed4d7cf335bf55f85d057280db') in 0.004823 seconds
  Import took 0.007135 seconds .

========================================================================
Received Import Request.
  Time since last request: 0.002491 seconds.
  path: Assets/Materials/RocketsPalletteRed.mat
  artifactKey: Guid(e941d0d6425697b499256f89933a0df2) Importer(815301076,1909f56bfc062723c751e8b465ee728b)
Start importing Assets/Materials/RocketsPalletteRed.mat using Guid(e941d0d6425697b499256f89933a0df2) Importer(815301076,1909f56bfc062723c751e8b465ee728b)  -> (artifact id: 'c4e08efab4229a8ea4788b76d33546fa') in 0.010405 seconds
  Import took 0.014563 seconds .

========================================================================
Received Import Request.
  Time since last request: 0.002620 seconds.
  path: Assets/Materials
  artifactKey: Guid(c22727d95b3ad2348a2271ea57ff15fd) Importer(815301076,1909f56bfc062723c751e8b465ee728b)
Start importing Assets/Materials using Guid(c22727d95b3ad2348a2271ea57ff15fd) Importer(815301076,1909f56bfc062723c751e8b465ee728b)  -> (artifact id: 'aca8862ed89984f6ab25c0fb24ad4d55') in 0.000919 seconds
  Import took 0.004034 seconds .

========================================================================
Received Import Request.
  Time since last request: 0.001454 seconds.
  path: Assets/Prefabs
  artifactKey: Guid(99a368c7371ea1c48bc52da867c302be) Importer(815301076,1909f56bfc062723c751e8b465ee728b)
Start importing Assets/Prefabs using Guid(99a368c7371ea1c48bc52da867c302be) Importer(815301076,1909f56bfc062723c751e8b465ee728b)  -> (artifact id: '75441e403b61488df7f9569ea44257d7') in 0.000972 seconds
  Import took 0.004416 seconds .

========================================================================
Received Import Request.
  Time since last request: 0.001275 seconds.
  path: Assets/Animation/Clouds 1.controller
  artifactKey: Guid(523d678c716e957429d11b3ac837b5df) Importer(815301076,1909f56bfc062723c751e8b465ee728b)
Start importing Assets/Animation/Clouds 1.controller using Guid(523d678c716e957429d11b3ac837b5df) Importer(815301076,1909f56bfc062723c751e8b465ee728b)  -> (artifact id: '4f53b8e98e301a14818cb0a6f87ec9d9') in 0.002805 seconds
  Import took 0.005037 seconds .

========================================================================
Received Import Request.
  Time since last request: 0.001225 seconds.
  path: Assets/Animation/Clouds.anim
  artifactKey: Guid(a2d46e649044eb94ab5206347d6f28a1) Importer(815301076,1909f56bfc062723c751e8b465ee728b)
Start importing Assets/Animation/Clouds.anim using Guid(a2d46e649044eb94ab5206347d6f28a1) Importer(815301076,1909f56bfc062723c751e8b465ee728b)  -> (artifact id: '7f4091d83439f75f2b96444a0abc1ed5') in 0.001574 seconds
  Import took 0.003646 seconds .

========================================================================
Received Import Request.
  Time since last request: 0.001541 seconds.
  path: Assets/Resources
  artifactKey: Guid(38383f35f600704418bb134dd5bf684d) Importer(815301076,1909f56bfc062723c751e8b465ee728b)
Start importing Assets/Resources using Guid(38383f35f600704418bb134dd5bf684d) Importer(815301076,1909f56bfc062723c751e8b465ee728b)  -> (artifact id: '1e881bf14852103e660958996f94a467') in 0.000661 seconds
  Import took 0.002902 seconds .

========================================================================
Received Import Request.
  Time since last request: 0.001099 seconds.
  path: Assets/Artwork/Materials/SkyGradient.mat
  artifactKey: Guid(d20211113c011cf4388c115a65b91e93) Importer(815301076,1909f56bfc062723c751e8b465ee728b)
Start importing Assets/Artwork/Materials/SkyGradient.mat using Guid(d20211113c011cf4388c115a65b91e93) Importer(815301076,1909f56bfc062723c751e8b465ee728b)  -> (artifact id: '323d68e29e57549bf7d89f1e1fb241bf') in 0.079810 seconds
  Import took 0.082182 seconds .

========================================================================
Received Import Request.
  Time since last request: 0.001992 seconds.
  path: Assets/Resources/Icons
  artifactKey: Guid(60c107ecb670d4e40a395cd70c34b2f1) Importer(815301076,1909f56bfc062723c751e8b465ee728b)
Start importing Assets/Resources/Icons using Guid(60c107ecb670d4e40a395cd70c34b2f1) Importer(815301076,1909f56bfc062723c751e8b465ee728b)  -> (artifact id: '70ef1255ebc2c717c8370b4b082b3b31') in 0.000635 seconds
  Import took 0.002625 seconds .

========================================================================
Received Import Request.
  Time since last request: 0.001307 seconds.
  path: Assets/Scripts/Boundaries.cs
  artifactKey: Guid(788cfcae67b43b24ea5792d09e19b2e1) Importer(815301076,1909f56bfc062723c751e8b465ee728b)
Start importing Assets/Scripts/Boundaries.cs using Guid(788cfcae67b43b24ea5792d09e19b2e1) Importer(815301076,1909f56bfc062723c751e8b465ee728b)  -> (artifact id: '8c546eed064f57768c728dfd6d1277cb') in 0.000824 seconds
  Import took 0.002794 seconds .

========================================================================
Received Import Request.
  Time since last request: 0.001416 seconds.
  path: Assets/Artwork/skull.png
  artifactKey: Guid(460cd39ca6364ec44bc8cbdecfa5b459) Importer(815301076,1909f56bfc062723c751e8b465ee728b)
Start importing Assets/Artwork/skull.png using Guid(460cd39ca6364ec44bc8cbdecfa5b459) Importer(815301076,1909f56bfc062723c751e8b465ee728b)  -> (artifact id: '2ecc2949952b35a4eb17652ab0a78962') in 0.004887 seconds
  Import took 0.007197 seconds .

========================================================================
Received Import Request.
  Time since last request: 0.001295 seconds.
  path: Assets/Animation
  artifactKey: Guid(8dbc5a9d99dfe894ca5d73d1e5ed2030) Importer(815301076,1909f56bfc062723c751e8b465ee728b)
Start importing Assets/Animation using Guid(8dbc5a9d99dfe894ca5d73d1e5ed2030) Importer(815301076,1909f56bfc062723c751e8b465ee728b)  -> (artifact id: '0d7160c145e3fa6c736979d7d2ddb342') in 0.000719 seconds
  Import took 0.002659 seconds .

========================================================================
Received Import Request.
  Time since last request: 0.001097 seconds.
  path: Assets/Animation/FlyRight.anim
  artifactKey: Guid(0cd38188a85b93946b0f3e7590ffd962) Importer(815301076,1909f56bfc062723c751e8b465ee728b)
Start importing Assets/Animation/FlyRight.anim using Guid(0cd38188a85b93946b0f3e7590ffd962) Importer(815301076,1909f56bfc062723c751e8b465ee728b)  -> (artifact id: '71465d1cb56e8a1b9e0d303efc92550a') in 0.001707 seconds
  Import took 0.003799 seconds .

========================================================================
Received Import Request.
  Time since last request: 0.001095 seconds.
  path: Assets/Artwork/Materials/skull.mat
  artifactKey: Guid(62d4bcd695e808e488ca6afafad68701) Importer(815301076,1909f56bfc062723c751e8b465ee728b)
Start importing Assets/Artwork/Materials/skull.mat using Guid(62d4bcd695e808e488ca6afafad68701) Importer(815301076,1909f56bfc062723c751e8b465ee728b)  -> (artifact id: 'e41b65079a83588495e7074d5eef8e93') in 0.007229 seconds
  Import took 0.009365 seconds .

========================================================================
Received Import Request.
  Time since last request: 0.001357 seconds.
  path: Assets/Scripts/FallingBomb.cs
  artifactKey: Guid(f039217405472e347bf85a0daf33d32a) Importer(815301076,1909f56bfc062723c751e8b465ee728b)
Start importing Assets/Scripts/FallingBomb.cs using Guid(f039217405472e347bf85a0daf33d32a) Importer(815301076,1909f56bfc062723c751e8b465ee728b)  -> (artifact id: '2929f79a407f5abb717a71285bbb45d6') in 0.000852 seconds
  Import took 0.003073 seconds .

========================================================================
Received Import Request.
  Time since last request: 0.001143 seconds.
  path: Assets/Artwork/RocketsPalletteRed.png
  artifactKey: Guid(87b14570171a8be458a29df2cd70f078) Importer(815301076,1909f56bfc062723c751e8b465ee728b)
Start importing Assets/Artwork/RocketsPalletteRed.png using Guid(87b14570171a8be458a29df2cd70f078) Importer(815301076,1909f56bfc062723c751e8b465ee728b)  -> (artifact id: '2e0a8de931862538f1aa32c9a94cc9ae') in 0.005001 seconds
  Import took 0.007433 seconds .

========================================================================
Received Import Request.
  Time since last request: 0.001483 seconds.
  path: Assets/Artwork/grungeHazard.png
  artifactKey: Guid(619add3c6c8864cfb8621ec5940dee61) Importer(815301076,1909f56bfc062723c751e8b465ee728b)
Start importing Assets/Artwork/grungeHazard.png using Guid(619add3c6c8864cfb8621ec5940dee61) Importer(815301076,1909f56bfc062723c751e8b465ee728b)  -> (artifact id: '84cc7a3c7db53bd9af4d7879ef716d20') in 0.005565 seconds
  Import took 0.007685 seconds .

========================================================================
Received Import Request.
  Time since last request: 0.001261 seconds.
  path: Assets/Scripts/RocketAnimate.cs
  artifactKey: Guid(1e0cf2e3ca75cae46a55bf8a98626a58) Importer(815301076,1909f56bfc062723c751e8b465ee728b)
Start importing Assets/Scripts/RocketAnimate.cs using Guid(1e0cf2e3ca75cae46a55bf8a98626a58) Importer(815301076,1909f56bfc062723c751e8b465ee728b)  -> (artifact id: '6f532060902ad90e9c9bce72a218eb57') in 0.000750 seconds
  Import took 0.002715 seconds .

========================================================================
Received Import Request.
  Time since last request: 0.001381 seconds.
  path: Assets/Animation/Clouds.controller
  artifactKey: Guid(35c595d42432c954ca5ac49981f36767) Importer(815301076,1909f56bfc062723c751e8b465ee728b)
Start importing Assets/Animation/Clouds.controller using Guid(35c595d42432c954ca5ac49981f36767) Importer(815301076,1909f56bfc062723c751e8b465ee728b)  -> (artifact id: 'a1614869639ef8cb6167e1948cfa2c6a') in 0.002032 seconds
  Import took 0.004490 seconds .

